<?xml version="1.0" encoding="UTF-8" ?>
<testsuite failures="1" time="0.027" errors="0" skipped="0" tests="1" name="br.scrumban.BaseDBTest">
  <properties>
    <property name="java.runtime.name" value="Java(TM) SE Runtime Environment"/>
    <property name="sun.boot.library.path" value="C:\Program Files\Java\jre7\bin"/>
    <property name="java.vm.version" value="23.3-b01"/>
    <property name="java.vm.vendor" value="Oracle Corporation"/>
    <property name="java.vendor.url" value="http://java.oracle.com/"/>
    <property name="path.separator" value=";"/>
    <property name="java.vm.name" value="Java HotSpot(TM) Client VM"/>
    <property name="file.encoding.pkg" value="sun.io"/>
    <property name="user.script" value=""/>
    <property name="user.country" value="BR"/>
    <property name="sun.java.launcher" value="SUN_STANDARD"/>
    <property name="sun.os.patch.level" value=""/>
    <property name="java.vm.specification.name" value="Java Virtual Machine Specification"/>
    <property name="user.dir" value="C:\serpro\github\serpro\bancoDados"/>
    <property name="java.runtime.version" value="1.7.0_07-b11"/>
    <property name="java.awt.graphicsenv" value="sun.awt.Win32GraphicsEnvironment"/>
    <property name="basedir" value="C:\serpro\github\serpro\bancoDados"/>
    <property name="java.endorsed.dirs" value="C:\Program Files\Java\jre7\lib\endorsed"/>
    <property name="os.arch" value="x86"/>
    <property name="surefire.real.class.path" value="C:\serpro\github\serpro\bancoDados\target\surefire\surefirebooter2535986229309814758.jar"/>
    <property name="java.io.tmpdir" value="C:\Users\cfc\AppData\Local\Temp\"/>
    <property name="line.separator" value="
"/>
    <property name="java.vm.specification.vendor" value="Oracle Corporation"/>
    <property name="user.variant" value=""/>
    <property name="os.name" value="Windows 7"/>
    <property name="sun.jnu.encoding" value="Cp1252"/>
    <property name="java.library.path" value="C:\Program Files\Java\jre7\bin;C:\Windows\Sun\Java\bin;C:\Windows\system32;C:\Windows;C:/Program Files/Java/jre7/bin/client;C:/Program Files/Java/jre7/bin;C:/Program Files/Java/jre7/lib/i386;C:\Program Files\Common Files\Microsoft Shared\Windows Live;C:\Windows\system32;C:\Windows;C:\Windows\System32\Wbem;C:\Windows\System32\WindowsPowerShell\v1.0\;c:\Program Files\WIDCOMM\Bluetooth Software\;C:\Program Files\Dell\DW WLAN Card;C:\Program Files\Common Files\Roxio Shared\DLLShared\;C:\Program Files\Common Files\Roxio Shared\OEM\DLLShared\;C:\Program Files\Common Files\Roxio Shared\OEM\DLLShared\;C:\Program Files\Common Files\Roxio Shared\OEM\12.0\DLLShared\;C:\Program Files\Roxio\OEM\AudioCore\;C:\Program Files\Windows Live\Shared;C:\Program Files\TortoiseSVN\bin;c:\Program Files\Microsoft SQL Server\90\Tools\binn\;C:\Program Files\OpenSSH\bin;C:\Program Files\QuickTime\QTSystem\;C:\Windows\Microsoft.NET\Framework\v4.0.30319;C:\Program Files\Microsoft Visual Studio 10.0\Common7\IDE\;C:\Program Files\TortoiseGit\bin;C:\ant\apache-ant-1.8.3\bin;C:\apache-maven-3.0.4\bin;C:\Program Files\Gallio\bin;C:\eclipse;;."/>
    <property name="surefire.test.class.path" value="C:\serpro\github\serpro\bancoDados\target\test-classes;C:\serpro\github\serpro\bancoDados\target\classes;C:\Users\cfc\.m2\repository\junit\junit\4.0\junit-4.0.jar;C:\Users\cfc\.m2\repository\org\dbunit\dbunit\2.2\dbunit-2.2.jar;C:\Users\cfc\.m2\repository\junit-addons\junit-addons\1.4\junit-addons-1.4.jar;C:\Users\cfc\.m2\repository\xerces\xercesImpl\2.6.2\xercesImpl-2.6.2.jar;C:\Users\cfc\.m2\repository\xerces\xmlParserAPIs\2.6.2\xmlParserAPIs-2.6.2.jar;C:\Users\cfc\.m2\repository\poi\poi\2.5.1-final-20040804\poi-2.5.1-final-20040804.jar;C:\Users\cfc\.m2\repository\commons-collections\commons-collections\3.1\commons-collections-3.1.jar;C:\Users\cfc\.m2\repository\commons-lang\commons-lang\2.1\commons-lang-2.1.jar;C:\Users\cfc\.m2\repository\commons-logging\commons-logging\1.0.4\commons-logging-1.0.4.jar;C:\Users\cfc\.m2\repository\net\sourceforge\jtds\jtds\1.2.4\jtds-1.2.4.jar;C:\Users\cfc\.m2\repository\javax\persistence\persistence-api\1.0\persistence-api-1.0.jar;C:\Users\cfc\.m2\repository\org\hibernate\hibernate-entitymanager\3.2.1.ga\hibernate-entitymanager-3.2.1.ga.jar;C:\Users\cfc\.m2\repository\org\hibernate\hibernate-annotations\3.2.1.ga\hibernate-annotations-3.2.1.ga.jar;C:\Users\cfc\.m2\repository\org\hibernate\hibernate\3.2.1.ga\hibernate-3.2.1.ga.jar;C:\Users\cfc\.m2\repository\net\sf\ehcache\ehcache\1.2.3\ehcache-1.2.3.jar;C:\Users\cfc\.m2\repository\asm\asm-attrs\1.5.3\asm-attrs-1.5.3.jar;C:\Users\cfc\.m2\repository\dom4j\dom4j\1.6.1\dom4j-1.6.1.jar;C:\Users\cfc\.m2\repository\antlr\antlr\2.7.6\antlr-2.7.6.jar;C:\Users\cfc\.m2\repository\cglib\cglib\2.1_3\cglib-2.1_3.jar;C:\Users\cfc\.m2\repository\asm\asm\1.5.3\asm-1.5.3.jar;C:\Users\cfc\.m2\repository\jboss\javassist\3.3.ga\javassist-3.3.ga.jar;C:\Users\cfc\.m2\repository\jboss\jboss-archive-browsing\5.0.0alpha-200607201-119\jboss-archive-browsing-5.0.0alpha-200607201-119.jar;C:\Users\cfc\.m2\repository\geronimo-spec\geronimo-spec-jta\1.0.1B-rc4\geronimo-spec-jta-1.0.1B-rc4.jar;C:\Users\cfc\.m2\repository\hsqldb\hsqldb\1.8.0.7\hsqldb-1.8.0.7.jar;"/>
    <property name="java.specification.name" value="Java Platform API Specification"/>
    <property name="java.class.version" value="51.0"/>
    <property name="sun.management.compiler" value="HotSpot Client Compiler"/>
    <property name="os.version" value="6.1"/>
    <property name="user.home" value="C:\Users\cfc"/>
    <property name="user.timezone" value=""/>
    <property name="java.awt.printerjob" value="sun.awt.windows.WPrinterJob"/>
    <property name="java.specification.version" value="1.7"/>
    <property name="file.encoding" value="Cp1252"/>
    <property name="user.name" value="cfc"/>
    <property name="java.class.path" value="C:\serpro\github\serpro\bancoDados\target\test-classes;C:\serpro\github\serpro\bancoDados\target\classes;C:\Users\cfc\.m2\repository\junit\junit\4.0\junit-4.0.jar;C:\Users\cfc\.m2\repository\org\dbunit\dbunit\2.2\dbunit-2.2.jar;C:\Users\cfc\.m2\repository\junit-addons\junit-addons\1.4\junit-addons-1.4.jar;C:\Users\cfc\.m2\repository\xerces\xercesImpl\2.6.2\xercesImpl-2.6.2.jar;C:\Users\cfc\.m2\repository\xerces\xmlParserAPIs\2.6.2\xmlParserAPIs-2.6.2.jar;C:\Users\cfc\.m2\repository\poi\poi\2.5.1-final-20040804\poi-2.5.1-final-20040804.jar;C:\Users\cfc\.m2\repository\commons-collections\commons-collections\3.1\commons-collections-3.1.jar;C:\Users\cfc\.m2\repository\commons-lang\commons-lang\2.1\commons-lang-2.1.jar;C:\Users\cfc\.m2\repository\commons-logging\commons-logging\1.0.4\commons-logging-1.0.4.jar;C:\Users\cfc\.m2\repository\net\sourceforge\jtds\jtds\1.2.4\jtds-1.2.4.jar;C:\Users\cfc\.m2\repository\javax\persistence\persistence-api\1.0\persistence-api-1.0.jar;C:\Users\cfc\.m2\repository\org\hibernate\hibernate-entitymanager\3.2.1.ga\hibernate-entitymanager-3.2.1.ga.jar;C:\Users\cfc\.m2\repository\org\hibernate\hibernate-annotations\3.2.1.ga\hibernate-annotations-3.2.1.ga.jar;C:\Users\cfc\.m2\repository\org\hibernate\hibernate\3.2.1.ga\hibernate-3.2.1.ga.jar;C:\Users\cfc\.m2\repository\net\sf\ehcache\ehcache\1.2.3\ehcache-1.2.3.jar;C:\Users\cfc\.m2\repository\asm\asm-attrs\1.5.3\asm-attrs-1.5.3.jar;C:\Users\cfc\.m2\repository\dom4j\dom4j\1.6.1\dom4j-1.6.1.jar;C:\Users\cfc\.m2\repository\antlr\antlr\2.7.6\antlr-2.7.6.jar;C:\Users\cfc\.m2\repository\cglib\cglib\2.1_3\cglib-2.1_3.jar;C:\Users\cfc\.m2\repository\asm\asm\1.5.3\asm-1.5.3.jar;C:\Users\cfc\.m2\repository\jboss\javassist\3.3.ga\javassist-3.3.ga.jar;C:\Users\cfc\.m2\repository\jboss\jboss-archive-browsing\5.0.0alpha-200607201-119\jboss-archive-browsing-5.0.0alpha-200607201-119.jar;C:\Users\cfc\.m2\repository\geronimo-spec\geronimo-spec-jta\1.0.1B-rc4\geronimo-spec-jta-1.0.1B-rc4.jar;C:\Users\cfc\.m2\repository\hsqldb\hsqldb\1.8.0.7\hsqldb-1.8.0.7.jar;"/>
    <property name="java.vm.specification.version" value="1.7"/>
    <property name="sun.arch.data.model" value="32"/>
    <property name="java.home" value="C:\Program Files\Java\jre7"/>
    <property name="sun.java.command" value="C:\serpro\github\serpro\bancoDados\target\surefire\surefirebooter2535986229309814758.jar C:\serpro\github\serpro\bancoDados\target\surefire\surefire4907889567410549487tmp C:\serpro\github\serpro\bancoDados\target\surefire\surefire3486725720368753968tmp"/>
    <property name="java.specification.vendor" value="Oracle Corporation"/>
    <property name="user.language" value="pt"/>
    <property name="awt.toolkit" value="sun.awt.windows.WToolkit"/>
    <property name="java.vm.info" value="mixed mode, sharing"/>
    <property name="java.version" value="1.7.0_07"/>
    <property name="java.ext.dirs" value="C:\Program Files\Java\jre7\lib\ext;C:\Windows\Sun\Java\lib\ext"/>
    <property name="sun.boot.class.path" value="C:\Program Files\Java\jre7\lib\resources.jar;C:\Program Files\Java\jre7\lib\rt.jar;C:\Program Files\Java\jre7\lib\sunrsasign.jar;C:\Program Files\Java\jre7\lib\jsse.jar;C:\Program Files\Java\jre7\lib\jce.jar;C:\Program Files\Java\jre7\lib\charsets.jar;C:\Program Files\Java\jre7\lib\jfr.jar;C:\Program Files\Java\jre7\classes"/>
    <property name="java.vendor" value="Oracle Corporation"/>
    <property name="localRepository" value="C:\Users\cfc\.m2\repository"/>
    <property name="file.separator" value="\"/>
    <property name="java.vendor.url.bug" value="http://bugreport.sun.com/bugreport/"/>
    <property name="sun.cpu.endian" value="little"/>
    <property name="sun.io.unicode.encoding" value="UnicodeLittle"/>
    <property name="sun.desktop" value="windows"/>
    <property name="sun.cpu.isalist" value="pentium_pro+mmx pentium_pro pentium+mmx pentium i486 i386 i86"/>
  </properties>
  <testcase time="0.005" classname="junit.framework.TestSuite$1" name="warning">
    <failure message="No tests found in br.scrumban.BaseDBTest" type="junit.framework.AssertionFailedError">junit.framework.AssertionFailedError: No tests found in br.scrumban.BaseDBTest
	at junit.framework.Assert.fail(Assert.java:47)
	at junit.framework.TestSuite$1.runTest(TestSuite.java:93)
	at junit.framework.TestCase.runBare(TestCase.java:130)
	at junit.framework.TestResult$1.protect(TestResult.java:110)
	at junit.framework.TestResult.runProtected(TestResult.java:128)
	at junit.framework.TestResult.run(TestResult.java:113)
	at junit.framework.TestCase.run(TestCase.java:120)
	at junit.framework.TestSuite.runTest(TestSuite.java:228)
	at junit.framework.TestSuite.run(TestSuite.java:223)
	at org.junit.internal.runners.OldTestClassRunner.run(OldTestClassRunner.java:35)
	at org.apache.maven.surefire.junit4.JUnit4TestSet.execute(JUnit4TestSet.java:35)
	at org.apache.maven.surefire.junit4.JUnit4Provider.executeTestSet(JUnit4Provider.java:146)
	at org.apache.maven.surefire.junit4.JUnit4Provider.invoke(JUnit4Provider.java:97)
	at sun.reflect.NativeMethodAccessorImpl.invoke0(Native Method)
	at sun.reflect.NativeMethodAccessorImpl.invoke(Unknown Source)
	at sun.reflect.DelegatingMethodAccessorImpl.invoke(Unknown Source)
	at java.lang.reflect.Method.invoke(Unknown Source)
	at org.apache.maven.surefire.booter.ProviderFactory$ClassLoaderProxy.invoke(ProviderFactory.java:103)
	at $Proxy0.invoke(Unknown Source)
	at org.apache.maven.surefire.booter.SurefireStarter.invokeProvider(SurefireStarter.java:145)
	at org.apache.maven.surefire.booter.SurefireStarter.runSuitesInProcess(SurefireStarter.java:87)
	at org.apache.maven.surefire.booter.ForkedBooter.main(ForkedBooter.java:69)
</failure>
    <system-out>@HL
@HL-------------------------------------------------------
@HL T E S T S
@HL-------------------------------------------------------
@SLRunning br.scrumban.BaseDBTest
</system-out>
  </testcase>
</testsuite>